\BOOKMARK [1][-]{section.1}{Introdu\347\343o}{}% 1
\BOOKMARK [2][-]{subsection.1.1}{Diferen\347as entre pixels}{section.1}% 2
\BOOKMARK [2][-]{subsection.1.2}{Diferen\347as entre blocos}{section.1}% 3
\BOOKMARK [2][-]{subsection.1.3}{Diferen\347as entre histogramas}{section.1}% 4
\BOOKMARK [2][-]{subsection.1.4}{Diferen\347as entre bordas}{section.1}% 5
\BOOKMARK [1][-]{section.2}{Solu\347\343o}{}% 6
\BOOKMARK [2][-]{subsection.2.1}{Main.py}{section.2}% 7
\BOOKMARK [2][-]{subsection.2.2}{main\137pixels\137differences\( path, stem \)}{section.2}% 8
\BOOKMARK [2][-]{subsection.2.3}{main\137blocks\137differences\( path, stem \)}{section.2}% 9
\BOOKMARK [3][-]{subsubsection.2.3.1}{Detalhes de implementa\347\343o e execu\347\343o}{subsection.2.3}% 10
\BOOKMARK [2][-]{subsection.2.4}{main\137histog\137differences\( path, stem \)}{section.2}% 11
\BOOKMARK [3][-]{subsubsection.2.4.1}{Detalhes de implementa\347\343o e execu\347\343o}{subsection.2.4}% 12
\BOOKMARK [2][-]{subsection.2.5}{main\137edges\137differences\( path, stem \)}{section.2}% 13
\BOOKMARK [3][-]{subsubsection.2.5.1}{Detalhes de implementa\347\343o e execu\347\343o}{subsection.2.5}% 14
\BOOKMARK [1][-]{section.3}{Resultado}{}% 15
\BOOKMARK [2][-]{subsection.3.1}{Diferen\347as entre pixels}{section.3}% 16
\BOOKMARK [2][-]{subsection.3.2}{Diferen\347as entre blocos}{section.3}% 17
\BOOKMARK [2][-]{subsection.3.3}{Diferen\347as entre histograma}{section.3}% 18
\BOOKMARK [2][-]{subsection.3.4}{Diferen\347as entre borda}{section.3}% 19
\BOOKMARK [1][-]{section.4}{Discuss\343o e Conclus\343o}{}% 20
